[ 2025-10-13 23:29:49,918 ] 1025 httpx - INFO - HTTP Request: GET https://dagshub.com/api/v1/user "HTTP/1.1 200 OK"
[ 2025-10-13 23:29:49,931 ] 107 dagshub - INFO - Accessing as Muheet-Bhat
[ 2025-10-13 23:29:51,020 ] 1025 httpx - INFO - HTTP Request: GET https://dagshub.com/api/v1/repos/Muheet-Bhat/Network-Security "HTTP/1.1 200 OK"
[ 2025-10-13 23:29:52,090 ] 1025 httpx - INFO - HTTP Request: GET https://dagshub.com/api/v1/user "HTTP/1.1 200 OK"
[ 2025-10-13 23:29:52,094 ] 107 dagshub - INFO - Initialized MLflow to track repo "Muheet-Bhat/Network-Security"
[ 2025-10-13 23:29:52,095 ] 107 dagshub - INFO - Repository Muheet-Bhat/Network-Security initialized!
[ 2025-10-13 23:29:53,516 ] 19 root - INFO - Initiate the data ingestion
[ 2025-10-13 23:30:01,927 ] 65 root - INFO - Performed train test split on the dataframe
[ 2025-10-13 23:30:01,927 ] 67 root - INFO - Exited split_data_as_train_test method of Data_Ingestion class
[ 2025-10-13 23:30:01,928 ] 75 root - INFO - Exporting train and test file path.
[ 2025-10-13 23:30:02,038 ] 84 root - INFO - Exported train and test file path.
[ 2025-10-13 23:30:02,040 ] 21 root - INFO - Data Initiation Completed
[ 2025-10-13 23:30:02,057 ] 25 root - INFO - Initiate the data Validation
[ 2025-10-13 23:30:02,173 ] 32 root - INFO - Required number of columns:2
[ 2025-10-13 23:30:02,174 ] 33 root - INFO - Data frame has columns:31
[ 2025-10-13 23:30:02,174 ] 32 root - INFO - Required number of columns:2
[ 2025-10-13 23:30:02,174 ] 33 root - INFO - Data frame has columns:31
[ 2025-10-13 23:30:02,453 ] 27 root - INFO - Data Validation Completed
[ 2025-10-13 23:30:02,453 ] 30 root - INFO - data Transformation started
[ 2025-10-13 23:30:02,453 ] 63 root - INFO - Entered initiate_data_transformation method of DataTransformation class
[ 2025-10-13 23:30:02,454 ] 65 root - INFO - Starting data transformation
[ 2025-10-13 23:30:02,505 ] 48 root - INFO - Entered get_data_trnasformer_object method of Trnasformation class
[ 2025-10-13 23:30:02,506 ] 53 root - INFO - Initialise KNNImputer with {'missing_values': nan, 'n_neighbors': 3, 'weights': 'uniform'}
[ 2025-10-13 23:30:02,532 ] 47 root - INFO - Entered the save_object method of MainUtils class
[ 2025-10-13 23:30:02,538 ] 51 root - INFO - Exited the save_object method of MainUtils class
[ 2025-10-13 23:30:02,538 ] 47 root - INFO - Entered the save_object method of MainUtils class
[ 2025-10-13 23:30:02,544 ] 51 root - INFO - Exited the save_object method of MainUtils class
[ 2025-10-13 23:30:02,546 ] 34 root - INFO - data Transformation completed
[ 2025-10-13 23:30:02,547 ] 36 root - INFO - Model Training stared
