[ 2025-10-13 23:13:42,735 ] 1025 httpx - INFO - HTTP Request: GET https://dagshub.com/api/v1/user "HTTP/1.1 200 OK"
[ 2025-10-13 23:13:42,746 ] 107 dagshub - INFO - Accessing as Muheet-Bhat
[ 2025-10-13 23:13:43,964 ] 1025 httpx - INFO - HTTP Request: GET https://dagshub.com/api/v1/repos/Muheet-Bhat/Network-Security "HTTP/1.1 200 OK"
[ 2025-10-13 23:13:45,126 ] 1025 httpx - INFO - HTTP Request: GET https://dagshub.com/api/v1/user "HTTP/1.1 200 OK"
[ 2025-10-13 23:13:45,129 ] 107 dagshub - INFO - Initialized MLflow to track repo "Muheet-Bhat/Network-Security"
[ 2025-10-13 23:13:45,130 ] 107 dagshub - INFO - Repository Muheet-Bhat/Network-Security initialized!
[ 2025-10-13 23:13:46,635 ] 19 root - INFO - Initiate the data ingestion
[ 2025-10-13 23:13:54,883 ] 65 root - INFO - Performed train test split on the dataframe
[ 2025-10-13 23:13:54,883 ] 67 root - INFO - Exited split_data_as_train_test method of Data_Ingestion class
[ 2025-10-13 23:13:54,884 ] 75 root - INFO - Exporting train and test file path.
[ 2025-10-13 23:13:54,987 ] 84 root - INFO - Exported train and test file path.
[ 2025-10-13 23:13:54,988 ] 21 root - INFO - Data Initiation Completed
[ 2025-10-13 23:13:55,030 ] 25 root - INFO - Initiate the data Validation
[ 2025-10-13 23:13:55,123 ] 32 root - INFO - Required number of columns:2
[ 2025-10-13 23:13:55,123 ] 33 root - INFO - Data frame has columns:31
[ 2025-10-13 23:13:55,124 ] 32 root - INFO - Required number of columns:2
[ 2025-10-13 23:13:55,124 ] 33 root - INFO - Data frame has columns:31
[ 2025-10-13 23:13:55,400 ] 27 root - INFO - Data Validation Completed
[ 2025-10-13 23:13:55,401 ] 30 root - INFO - data Transformation started
[ 2025-10-13 23:13:55,401 ] 63 root - INFO - Entered initiate_data_transformation method of DataTransformation class
[ 2025-10-13 23:13:55,401 ] 65 root - INFO - Starting data transformation
[ 2025-10-13 23:13:55,456 ] 48 root - INFO - Entered get_data_trnasformer_object method of Trnasformation class
[ 2025-10-13 23:13:55,456 ] 53 root - INFO - Initialise KNNImputer with {'missing_values': nan, 'n_neighbors': 3, 'weights': 'uniform'}
[ 2025-10-13 23:13:55,480 ] 47 root - INFO - Entered the save_object method of MainUtils class
[ 2025-10-13 23:13:55,486 ] 51 root - INFO - Exited the save_object method of MainUtils class
[ 2025-10-13 23:13:55,487 ] 47 root - INFO - Entered the save_object method of MainUtils class
[ 2025-10-13 23:13:55,513 ] 51 root - INFO - Exited the save_object method of MainUtils class
[ 2025-10-13 23:13:55,520 ] 34 root - INFO - data Transformation completed
[ 2025-10-13 23:13:55,520 ] 36 root - INFO - Model Training stared
