[ 2025-10-13 23:44:55,026 ] 1025 httpx - INFO - HTTP Request: GET https://dagshub.com/api/v1/user "HTTP/1.1 200 OK"
[ 2025-10-13 23:44:55,040 ] 107 dagshub - INFO - Accessing as Muheet-Bhat
[ 2025-10-13 23:44:56,183 ] 1025 httpx - INFO - HTTP Request: GET https://dagshub.com/api/v1/repos/Muheet-Bhat/Network-Security "HTTP/1.1 200 OK"
[ 2025-10-13 23:44:57,279 ] 1025 httpx - INFO - HTTP Request: GET https://dagshub.com/api/v1/user "HTTP/1.1 200 OK"
[ 2025-10-13 23:44:57,283 ] 107 dagshub - INFO - Initialized MLflow to track repo "Muheet-Bhat/Network-Security"
[ 2025-10-13 23:44:57,286 ] 107 dagshub - INFO - Repository Muheet-Bhat/Network-Security initialized!
[ 2025-10-13 23:44:59,625 ] 1025 httpx - INFO - HTTP Request: GET https://dagshub.com/api/v1/repos/Muheet-Bhat/Network-Security "HTTP/1.1 200 OK"
[ 2025-10-13 23:44:59,630 ] 107 dagshub - INFO - Initialized MLflow to track repo "Muheet-Bhat/Network-Security"
[ 2025-10-13 23:44:59,631 ] 107 dagshub - INFO - Repository Muheet-Bhat/Network-Security initialized!
[ 2025-10-13 23:44:59,631 ] 19 root - INFO - Initiate the data ingestion
[ 2025-10-13 23:45:08,650 ] 65 root - INFO - Performed train test split on the dataframe
[ 2025-10-13 23:45:08,651 ] 67 root - INFO - Exited split_data_as_train_test method of Data_Ingestion class
[ 2025-10-13 23:45:08,653 ] 75 root - INFO - Exporting train and test file path.
[ 2025-10-13 23:45:08,781 ] 84 root - INFO - Exported train and test file path.
[ 2025-10-13 23:45:08,782 ] 21 root - INFO - Data Initiation Completed
[ 2025-10-13 23:45:08,801 ] 25 root - INFO - Initiate the data Validation
[ 2025-10-13 23:45:08,920 ] 32 root - INFO - Required number of columns:2
[ 2025-10-13 23:45:08,921 ] 33 root - INFO - Data frame has columns:31
[ 2025-10-13 23:45:08,921 ] 32 root - INFO - Required number of columns:2
[ 2025-10-13 23:45:08,921 ] 33 root - INFO - Data frame has columns:31
[ 2025-10-13 23:45:09,275 ] 27 root - INFO - Data Validation Completed
[ 2025-10-13 23:45:09,276 ] 30 root - INFO - data Transformation started
[ 2025-10-13 23:45:09,276 ] 63 root - INFO - Entered initiate_data_transformation method of DataTransformation class
[ 2025-10-13 23:45:09,276 ] 65 root - INFO - Starting data transformation
[ 2025-10-13 23:45:09,332 ] 48 root - INFO - Entered get_data_trnasformer_object method of Trnasformation class
[ 2025-10-13 23:45:09,332 ] 53 root - INFO - Initialise KNNImputer with {'missing_values': nan, 'n_neighbors': 3, 'weights': 'uniform'}
[ 2025-10-13 23:45:09,362 ] 47 root - INFO - Entered the save_object method of MainUtils class
[ 2025-10-13 23:45:09,370 ] 51 root - INFO - Exited the save_object method of MainUtils class
[ 2025-10-13 23:45:09,371 ] 47 root - INFO - Entered the save_object method of MainUtils class
[ 2025-10-13 23:45:09,377 ] 51 root - INFO - Exited the save_object method of MainUtils class
[ 2025-10-13 23:45:09,380 ] 34 root - INFO - data Transformation completed
[ 2025-10-13 23:45:09,380 ] 36 root - INFO - Model Training stared
