[ 2025-10-14 00:34:20,897 ] 1025 httpx - INFO - HTTP Request: GET https://dagshub.com/api/v1/user "HTTP/1.1 200 OK"
[ 2025-10-14 00:34:20,903 ] 107 dagshub - INFO - Accessing as Muheet-Bhat
[ 2025-10-14 00:34:21,968 ] 1025 httpx - INFO - HTTP Request: GET https://dagshub.com/api/v1/repos/Muheet-Bhat/Network-Security "HTTP/1.1 200 OK"
[ 2025-10-14 00:34:22,989 ] 1025 httpx - INFO - HTTP Request: GET https://dagshub.com/api/v1/user "HTTP/1.1 200 OK"
[ 2025-10-14 00:34:22,991 ] 107 dagshub - INFO - Initialized MLflow to track repo "Muheet-Bhat/Network-Security"
[ 2025-10-14 00:34:22,992 ] 107 dagshub - INFO - Repository Muheet-Bhat/Network-Security initialized!
[ 2025-10-14 00:34:25,107 ] 1025 httpx - INFO - HTTP Request: GET https://dagshub.com/api/v1/repos/Muheet-Bhat/Network-Security "HTTP/1.1 200 OK"
[ 2025-10-14 00:34:25,109 ] 107 dagshub - INFO - Initialized MLflow to track repo "Muheet-Bhat/Network-Security"
[ 2025-10-14 00:34:25,110 ] 107 dagshub - INFO - Repository Muheet-Bhat/Network-Security initialized!
[ 2025-10-14 00:36:47,929 ] 42 root - INFO - Start data Ingestion
[ 2025-10-14 00:36:55,973 ] 65 root - INFO - Performed train test split on the dataframe
[ 2025-10-14 00:36:55,973 ] 67 root - INFO - Exited split_data_as_train_test method of Data_Ingestion class
[ 2025-10-14 00:36:55,973 ] 75 root - INFO - Exporting train and test file path.
[ 2025-10-14 00:36:56,023 ] 84 root - INFO - Exported train and test file path.
[ 2025-10-14 00:36:56,024 ] 45 root - INFO - Data Ingestion completed and artifact: DataIngestionArtifact(trained_file_path='Artifacts\\10_14_2025_00_34_16\\data_ingestion\\ingested\\train.csv', test_file_path='Artifacts\\10_14_2025_00_34_16\\data_ingestion\\ingested\\test.csv')
[ 2025-10-14 00:36:56,111 ] 55 root - INFO - Initiate the data Validation
[ 2025-10-14 00:36:56,172 ] 32 root - INFO - Required number of columns:2
[ 2025-10-14 00:36:56,172 ] 33 root - INFO - Data frame has columns:31
[ 2025-10-14 00:36:56,172 ] 32 root - INFO - Required number of columns:2
[ 2025-10-14 00:36:56,172 ] 33 root - INFO - Data frame has columns:31
[ 2025-10-14 00:36:56,309 ] 63 root - INFO - Entered initiate_data_transformation method of DataTransformation class
[ 2025-10-14 00:36:56,309 ] 65 root - INFO - Starting data transformation
[ 2025-10-14 00:36:56,331 ] 48 root - INFO - Entered get_data_trnasformer_object method of Trnasformation class
[ 2025-10-14 00:36:56,331 ] 53 root - INFO - Initialise KNNImputer with {'missing_values': nan, 'n_neighbors': 3, 'weights': 'uniform'}
[ 2025-10-14 00:36:56,343 ] 47 root - INFO - Entered the save_object method of MainUtils class
[ 2025-10-14 00:36:56,346 ] 51 root - INFO - Exited the save_object method of MainUtils class
[ 2025-10-14 00:36:56,346 ] 47 root - INFO - Entered the save_object method of MainUtils class
[ 2025-10-14 00:36:56,349 ] 51 root - INFO - Exited the save_object method of MainUtils class
[ 2025-10-14 00:45:20,196 ] 47 root - INFO - Entered the save_object method of MainUtils class
[ 2025-10-14 00:45:20,256 ] 51 root - INFO - Exited the save_object method of MainUtils class
[ 2025-10-14 00:45:20,256 ] 47 root - INFO - Entered the save_object method of MainUtils class
[ 2025-10-14 00:45:20,314 ] 51 root - INFO - Exited the save_object method of MainUtils class
[ 2025-10-14 00:45:20,315 ] 143 root - INFO - Model trainer artifact: ModelTrainerArtifact(trained_model_file_path='Artifacts\\10_14_2025_00_34_16\\model_trainer\\trained_model\\model.pkl', train_metric_artifact=ClassificationMetricArtifact(f1_score=0.9914632921562719, precision_score=0.9903691813804173, recall_score=0.99255982304444), test_metric_artifact=ClassificationMetricArtifact(f1_score=0.9765100671140939, precision_score=0.97, recall_score=0.9831081081081081))
